I, [2020-12-26T13:48:46.871977 #3862]  INFO -- : [95dc2dae-8fba-4399-b1d8-b78c1c0547b4] Started GET "/" for 127.0.0.1 at 2020-12-26 13:48:46 -0500
I, [2020-12-26T13:48:46.875191 #3862]  INFO -- : [95dc2dae-8fba-4399-b1d8-b78c1c0547b4] Processing by HomeController#index as HTML
D, [2020-12-26T13:48:46.890900 #3862] DEBUG -- : [95dc2dae-8fba-4399-b1d8-b78c1c0547b4] * Locale: HTTP Accept-Language: "en"
I, [2020-12-26T13:48:46.891036 #3862]  INFO -- : [95dc2dae-8fba-4399-b1d8-b78c1c0547b4] * Locale set to "en"
I, [2020-12-26T13:48:47.112219 #3862]  INFO -- : [95dc2dae-8fba-4399-b1d8-b78c1c0547b4] Completed 500 Internal Server Error in 236ms (Allocations: 1791)
I, [2020-12-26T13:48:47.169201 #3862]  INFO -- : [95dc2dae-8fba-4399-b1d8-b78c1c0547b4]   Rendering /Users/a_norton/.rvm/gems/ruby-2.6.3/bundler/gems/exception_notification-28b2f3329d09/lib/exception_notifier/views/exception_notifier/exception_notification.text.erb
I, [2020-12-26T13:48:47.176473 #3862]  INFO -- : [95dc2dae-8fba-4399-b1d8-b78c1c0547b4]   Rendered /Users/a_norton/.rvm/gems/ruby-2.6.3/bundler/gems/exception_notification-28b2f3329d09/lib/exception_notifier/views/exception_notifier/_request.text.erb (Duration: 3.0ms | Allocations: 346)
I, [2020-12-26T13:48:47.182602 #3862]  INFO -- : [95dc2dae-8fba-4399-b1d8-b78c1c0547b4]   Rendered /Users/a_norton/.rvm/gems/ruby-2.6.3/bundler/gems/exception_notification-28b2f3329d09/lib/exception_notifier/views/exception_notifier/_title.text.erb (Duration: 1.7ms | Allocations: 128)
I, [2020-12-26T13:48:47.185204 #3862]  INFO -- : [95dc2dae-8fba-4399-b1d8-b78c1c0547b4]   Rendered /Users/a_norton/.rvm/gems/ruby-2.6.3/bundler/gems/exception_notification-28b2f3329d09/lib/exception_notifier/views/exception_notifier/_session.text.erb (Duration: 0.8ms | Allocations: 165)
I, [2020-12-26T13:48:47.185470 #3862]  INFO -- : [95dc2dae-8fba-4399-b1d8-b78c1c0547b4]   Rendered /Users/a_norton/.rvm/gems/ruby-2.6.3/bundler/gems/exception_notification-28b2f3329d09/lib/exception_notifier/views/exception_notifier/_title.text.erb (Duration: 0.1ms | Allocations: 24)
I, [2020-12-26T13:48:47.190538 #3862]  INFO -- : [95dc2dae-8fba-4399-b1d8-b78c1c0547b4]   Rendered /Users/a_norton/.rvm/gems/ruby-2.6.3/bundler/gems/exception_notification-28b2f3329d09/lib/exception_notifier/views/exception_notifier/_environment.text.erb (Duration: 3.4ms | Allocations: 1763)
I, [2020-12-26T13:48:47.190803 #3862]  INFO -- : [95dc2dae-8fba-4399-b1d8-b78c1c0547b4]   Rendered /Users/a_norton/.rvm/gems/ruby-2.6.3/bundler/gems/exception_notification-28b2f3329d09/lib/exception_notifier/views/exception_notifier/_title.text.erb (Duration: 0.1ms | Allocations: 24)
I, [2020-12-26T13:48:47.196297 #3862]  INFO -- : [95dc2dae-8fba-4399-b1d8-b78c1c0547b4]   Rendered /Users/a_norton/.rvm/gems/ruby-2.6.3/bundler/gems/exception_notification-28b2f3329d09/lib/exception_notifier/views/exception_notifier/_backtrace.text.erb (Duration: 2.3ms | Allocations: 100)
I, [2020-12-26T13:48:47.196549 #3862]  INFO -- : [95dc2dae-8fba-4399-b1d8-b78c1c0547b4]   Rendered /Users/a_norton/.rvm/gems/ruby-2.6.3/bundler/gems/exception_notification-28b2f3329d09/lib/exception_notifier/views/exception_notifier/_title.text.erb (Duration: 0.1ms | Allocations: 24)
I, [2020-12-26T13:48:47.196654 #3862]  INFO -- : [95dc2dae-8fba-4399-b1d8-b78c1c0547b4]   Rendered /Users/a_norton/.rvm/gems/ruby-2.6.3/bundler/gems/exception_notification-28b2f3329d09/lib/exception_notifier/views/exception_notifier/exception_notification.text.erb (Duration: 27.3ms | Allocations: 6935)
D, [2020-12-26T13:48:47.199665 #3862] DEBUG -- : [95dc2dae-8fba-4399-b1d8-b78c1c0547b4] #exception_notification: processed outbound mail in 49.0ms
I, [2020-12-26T13:48:47.762637 #3862]  INFO -- : [95dc2dae-8fba-4399-b1d8-b78c1c0547b4] Delivered mail 5fe7858f31cc6_f163fd77f7d6338975a1@Allenes-MacBook-Air.local.mail (562.8ms)
D, [2020-12-26T13:48:47.762903 #3862] DEBUG -- : [95dc2dae-8fba-4399-b1d8-b78c1c0547b4] Date: Sat, 26 Dec 2020 13:48:47 -0500
To: communityconnections@sacconect.com
Message-ID: <5fe7858f31cc6_f163fd77f7d6338975a1@Allenes-MacBook-Air.local.mail>
Subject: [ResiTownSacramento] home#index (ActiveRecord::NoDatabaseError)
 "FATAL:  database \"covid_production\" does not exist\n"
Mime-Version: 1.0
Content-Type: text/plain;
 charset=UTF-8
Content-Transfer-Encoding: 7bit

An ActiveRecord::NoDatabaseError occurred in home#index:

  FATAL:  database "covid_production" does not exist

  app/controllers/application_controller.rb:105:in `block (2 levels) in hydrate_project_categories'


-------------------------------
Request:
-------------------------------

  * URL        : http://localhost:3000/
  * HTTP Method: GET
  * IP address : 127.0.0.1
  * Parameters : {"controller"=>"home", "action"=>"index"}
  * Timestamp  : 2020-12-26 10:48:47 -0800
  * Server : Allenes-MacBook-Air.local
    * Rails root : /Users/a_norton/Documents/Community_Connections/covid-volunteers
  * Process: 3862

-------------------------------
Session:
-------------------------------

  * session id: nil
  * data: {}

-------------------------------
Environment:
-------------------------------

  * GATEWAY_INTERFACE                                       : CGI/1.2
    * HTTP_ACCEPT                                             : text/html, application/xhtml+xml
    * HTTP_ACCEPT_ENCODING                                    : gzip, deflate, br
    * HTTP_ACCEPT_LANGUAGE                                    : en-US,en;q=0.9
    * HTTP_CONNECTION                                         : keep-alive
    * HTTP_COOKIE                                             : io=V7ectMrsFxlz7zfFAAAO; _covid_volunteers_session=6ytglOtF9vU8QtOPp6on5PuSeLLjwVrMYZLMzQwlOB3UBk9EqSNyd9wdoN0IM4qbt4Zg04%2Bf3H%2F1DiPTcGeDr%2Fe7oVwX4lqY1Ej0ndvkCCsYCOvpVia%2F3o%2BnFuoFLlTFt2wS6qLVa27lUdPfyybkGvXJacur8h%2FysWh9cSUeLkvh9abd0aHh4AqbmvR59GG1aAJmzzwdasmWZYsjA9A9OfyaT4VnfrRUrAtKCEvH0ZH%2BVu0uwbxfpnCl4lXqo%2B2GeN7%2FGyWJeCqCQtT3xUqhNeoXJfW49qHtEua3U58T%2BWtWAK9Or8mn8vF12B0x18O%2B9B%2BgGEnV2T79x%2B%2BRd3vrDjb86C51KZpc0teUX3N06F%2FNyeiySVHPe19kiM6oigPBnGKatG3F838HRL6w1kN4KPOVLE6KIL1vNtpdRIyCXJrYQqWKxd7t1QkUpGPdtCJHHSMpPEct7fxNukIncw%3D%3D--6%2FTv8VlfKgC8aSsE--XJ2AYbqaAaUoNI11gFbjzA%3D%3D
    * HTTP_HOST                                               : localhost:3000
    * HTTP_REFERER                                            : http://localhost:3000/projects/21-testing-all-sections
    * HTTP_SEC_CH_UA                                          : "Google Chrome";v="87", " Not;A Brand";v="99", "Chromium";v="87"
    * HTTP_SEC_CH_UA_MOBILE                                   : ?0
    * HTTP_SEC_FETCH_DEST                                     : empty
    * HTTP_SEC_FETCH_MODE                                     : cors
    * HTTP_SEC_FETCH_SITE                                     : same-origin
    * HTTP_TURBOLINKS_REFERRER                                : http://localhost:3000/projects/21-testing-all-sections
    * HTTP_USER_AGENT                                         : Mozilla/5.0 (Macintosh; Intel Mac OS X 10_15_7) AppleWebKit/537.36 (KHTML, like Gecko) Chrome/87.0.4280.88 Safari/537.36
    * HTTP_VERSION                                            : HTTP/1.1
    * ORIGINAL_FULLPATH                                       : /
    * ORIGINAL_SCRIPT_NAME                                    :
    * PATH_INFO                                               : /
    * QUERY_STRING                                            :
    * REMOTE_ADDR                                             : 127.0.0.1
    * REQUEST_METHOD                                          : GET
    * REQUEST_PATH                                            : /
    * REQUEST_URI                                             : /
    * ROUTES_70194787228560_SCRIPT_NAME                       :
    * SCRIPT_NAME                                             :
    * SERVER_NAME                                             : localhost
    * SERVER_PORT                                             : 3000
    * SERVER_PROTOCOL                                         : HTTP/1.1
    * SERVER_SOFTWARE                                         : puma 4.3.6 Mysterious Traveller
    * action_controller.instance                              : #<HomeController:0x00007faefc0759d8>
    * action_dispatch.authenticated_encrypted_cookie_salt     : authenticated encrypted cookie
    * action_dispatch.backtrace_cleaner                       : #<Rails::BacktraceCleaner:0x00007faefc816cf0>
    * action_dispatch.content_security_policy                 :
    * action_dispatch.content_security_policy_nonce_directives:
    * action_dispatch.content_security_policy_nonce_generator :
    * action_dispatch.content_security_policy_report_only     : false
    * action_dispatch.cookies                                 : #<ActionDispatch::Cookies::CookieJar:0x00007faefc083290>
    * action_dispatch.cookies_digest                          :
    * action_dispatch.cookies_rotations                       : #<ActiveSupport::Messages::RotationConfiguration:0x00007faef8c9bec8>
    * action_dispatch.cookies_serializer                      : json
    * action_dispatch.encrypted_cookie_cipher                 :
    * action_dispatch.encrypted_cookie_salt                   : encrypted cookie
    * action_dispatch.encrypted_signed_cookie_salt            : signed encrypted cookie
    * action_dispatch.http_auth_salt                          : http authentication
    * action_dispatch.key_generator                           : #<ActiveSupport::CachingKeyGenerator:0x00007faf008668c8>
    * action_dispatch.logger                                  : #<ActiveSupport::Logger:0x00007faefebb4c98>
    * action_dispatch.parameter_filter                        : [:password]
    * action_dispatch.redirect_filter                         : []
    * action_dispatch.remote_ip                               : 127.0.0.1
    * action_dispatch.request.accepts                         : [#<Mime::Type:0x00007faef8fcf950 @synonyms=["application/xhtml+xml"], @symbol=:html, @string="text/html", @hash=-2767432033595018526>]
    * action_dispatch.request.content_type                    :
    * action_dispatch.request.formats                         : [#<Mime::Type:0x00007faef8fcf950 @synonyms=["application/xhtml+xml"], @symbol=:html, @string="text/html", @hash=-2767432033595018526>]
    * action_dispatch.request.parameters                      : {"controller"=>"home", "action"=>"index"}
    * action_dispatch.request.path_parameters                 : {:controller=>"home", :action=>"index"}
    * action_dispatch.request.query_parameters                : {}
    * action_dispatch.request.request_parameters              : {}
    * action_dispatch.request.unsigned_session_cookie         : {}
    * action_dispatch.request_id                              : 95dc2dae-8fba-4399-b1d8-b78c1c0547b4
    * action_dispatch.routes                                  : #<ActionDispatch::Routing::RouteSet:0x00007faefeb73720>
    * action_dispatch.secret_key_base                         : 1f0433ce37cfa604b0f702bc0d544167ed26f4e6c971c5010d0f941cb9f9f68b162f3bb0dc9df62f0e181291fd431c1fcbf004615bfffe668a6b730041f69a4a
    * action_dispatch.show_detailed_exceptions                : false
    * action_dispatch.show_exceptions                         : true
    * action_dispatch.signed_cookie_digest                    :
    * action_dispatch.signed_cookie_salt                      : signed cookie
    * action_dispatch.use_authenticated_cookie_encryption     : true
    * action_dispatch.use_cookies_with_metadata               : true
    * puma.config                                             : #<Puma::Configuration:0x00007faefc8916d0>
    * puma.request_body_wait                                  : 0
    * puma.socket                                             : #<TCPSocket:0x00007faefeac2fb0>
    * rack.after_reply                                        : []
    * rack.errors                                             : #<IO:0x00007faef8884c68>
    * rack.hijack                                             : #<Puma::Client:0x00007faefeac2f38>
    * rack.hijack?                                            : true
    * rack.input                                              : #<Puma::NullIO:0x00007faf00a3a7d0>
    * rack.multiprocess                                       : false
    * rack.multithread                                        : true
    * rack.request.cookie_hash                                : {"io"=>"V7ectMrsFxlz7zfFAAAO", "_covid_volunteers_session"=>"6ytglOtF9vU8QtOPp6on5PuSeLLjwVrMYZLMzQwlOB3UBk9EqSNyd9wdoN0IM4qbt4Zg04+f3H/1DiPTcGeDr/e7oVwX4lqY1Ej0ndvkCCsYCOvpVia/3o+nFuoFLlTFt2wS6qLVa27lUdPfyybkGvXJacur8h/ysWh9cSUeLkvh9abd0aHh4AqbmvR59GG1aAJmzzwdasmWZYsjA9A9OfyaT4VnfrRUrAtKCEvH0ZH+Vu0...
    * rack.request.cookie_string                              : io=V7ectMrsFxlz7zfFAAAO; _covid_volunteers_session=6ytglOtF9vU8QtOPp6on5PuSeLLjwVrMYZLMzQwlOB3UBk9EqSNyd9wdoN0IM4qbt4Zg04%2Bf3H%2F1DiPTcGeDr%2Fe7oVwX4lqY1Ej0ndvkCCsYCOvpVia%2F3o%2BnFuoFLlTFt2wS6qLVa27lUdPfyybkGvXJacur8h%2FysWh9cSUeLkvh9abd0aHh4AqbmvR59GG1aAJmzzwdasmWZYsjA9A9OfyaT4VnfrRUrAtKCEvH0ZH%2BVu0uwbxfpnCl4lXqo%2B2GeN7%2FGyWJeCqCQtT3xUqhNeoXJfW49qHtEua3U58T%2BWtWAK9Or8mn8vF12B0x18O%2B9B%2BgGEnV2T79x%2B%2BRd3vrDjb86C51KZpc0teUX3N06F%2FNyeiySVHPe19kiM6oigPBnGKatG3F838HRL6w1kN4KPOVLE6KIL1vNtpdRIyCXJrYQqWKxd7t1QkUpGPdtCJHHSMpPEct7fxNukIncw%3D%3D--6%2FTv8VlfKgC8aSsE--XJ2AYbqaAaUoNI11gFbjzA%3D%3D
    * rack.request.query_hash                                 : {}
    * rack.request.query_string                               :
    * rack.run_once                                           : false
    * rack.session                                            : #<ActionDispatch::Request::Session:0x00007faefc076fb8>
    * rack.session.options                                    : #<ActionDispatch::Request::Session::Options:0x00007faefc076f68>
    * rack.tempfiles                                          : []
    * rack.url_scheme                                         : http
    * rack.version                                            : [1, 3]
    * warden                                                  : Warden::Proxy:70194764691280 @config={:default_scope=>:user, :scope_defaults=>{}, :default_strategies=>{:user=>[:rememberable, :database_authenticatable]}, :intercept_401=>false, :failure_app=>#<Devise::Delegator:0x00007faf00959eb0>}

-------------------------------
Backtrace:
-------------------------------

  app/controllers/application_controller.rb:105:in `block (2 levels) in hydrate_project_categories'
  app/controllers/application_controller.rb:105:in `block in hydrate_project_categories'
  app/controllers/application_controller.rb:103:in `each'
  app/controllers/application_controller.rb:103:in `hydrate_project_categories'
  app/controllers/application_controller.rb:128:in `switch_locale'



F, [2020-12-26T13:48:47.765673 #3862] FATAL -- : [95dc2dae-8fba-4399-b1d8-b78c1c0547b4]   
[95dc2dae-8fba-4399-b1d8-b78c1c0547b4] ActiveRecord::NoDatabaseError (FATAL:  database "covid_production" does not exist
):
[95dc2dae-8fba-4399-b1d8-b78c1c0547b4]   
[95dc2dae-8fba-4399-b1d8-b78c1c0547b4] app/controllers/application_controller.rb:105:in `block (2 levels) in hydrate_project_categories'
[95dc2dae-8fba-4399-b1d8-b78c1c0547b4] app/controllers/application_controller.rb:105:in `block in hydrate_project_categories'
[95dc2dae-8fba-4399-b1d8-b78c1c0547b4] app/controllers/application_controller.rb:103:in `each'
[95dc2dae-8fba-4399-b1d8-b78c1c0547b4] app/controllers/application_controller.rb:103:in `hydrate_project_categories'
[95dc2dae-8fba-4399-b1d8-b78c1c0547b4] app/controllers/application_controller.rb:128:in `switch_locale'
I, [2020-12-26T13:48:53.206710 #3862]  INFO -- : [38f8a819-95c5-43df-954c-07440c67b5fc] Started GET "/" for 127.0.0.1 at 2020-12-26 13:48:53 -0500
I, [2020-12-26T13:48:53.208016 #3862]  INFO -- : [38f8a819-95c5-43df-954c-07440c67b5fc] Processing by HomeController#index as HTML
D, [2020-12-26T13:48:53.210657 #3862] DEBUG -- : [38f8a819-95c5-43df-954c-07440c67b5fc] * Locale: HTTP Accept-Language: "en"
I, [2020-12-26T13:48:53.210758 #3862]  INFO -- : [38f8a819-95c5-43df-954c-07440c67b5fc] * Locale set to "en"
I, [2020-12-26T13:48:53.218900 #3862]  INFO -- : [38f8a819-95c5-43df-954c-07440c67b5fc] Completed 500 Internal Server Error in 11ms (Allocations: 1346)
I, [2020-12-26T13:48:53.225646 #3862]  INFO -- : [38f8a819-95c5-43df-954c-07440c67b5fc]   Rendering /Users/a_norton/.rvm/gems/ruby-2.6.3/bundler/gems/exception_notification-28b2f3329d09/lib/exception_notifier/views/exception_notifier/exception_notification.text.erb
I, [2020-12-26T13:48:53.226942 #3862]  INFO -- : [38f8a819-95c5-43df-954c-07440c67b5fc]   Rendered /Users/a_norton/.rvm/gems/ruby-2.6.3/bundler/gems/exception_notification-28b2f3329d09/lib/exception_notifier/views/exception_notifier/_request.text.erb (Duration: 0.3ms | Allocations: 83)
I, [2020-12-26T13:48:53.227740 #3862]  INFO -- : [38f8a819-95c5-43df-954c-07440c67b5fc]   Rendered /Users/a_norton/.rvm/gems/ruby-2.6.3/bundler/gems/exception_notification-28b2f3329d09/lib/exception_notifier/views/exception_notifier/_title.text.erb (Duration: 0.2ms | Allocations: 24)
I, [2020-12-26T13:48:53.228623 #3862]  INFO -- : [38f8a819-95c5-43df-954c-07440c67b5fc]   Rendered /Users/a_norton/.rvm/gems/ruby-2.6.3/bundler/gems/exception_notification-28b2f3329d09/lib/exception_notifier/views/exception_notifier/_session.text.erb (Duration: 0.2ms | Allocations: 35)
I, [2020-12-26T13:48:53.228973 #3862]  INFO -- : [38f8a819-95c5-43df-954c-07440c67b5fc]   Rendered /Users/a_norton/.rvm/gems/ruby-2.6.3/bundler/gems/exception_notification-28b2f3329d09/lib/exception_notifier/views/exception_notifier/_title.text.erb (Duration: 0.1ms | Allocations: 24)
I, [2020-12-26T13:48:53.232634 #3862]  INFO -- : [38f8a819-95c5-43df-954c-07440c67b5fc]   Rendered /Users/a_norton/.rvm/gems/ruby-2.6.3/bundler/gems/exception_notification-28b2f3329d09/lib/exception_notifier/views/exception_notifier/_environment.text.erb (Duration: 3.0ms | Allocations: 1592)
I, [2020-12-26T13:48:53.233011 #3862]  INFO -- : [38f8a819-95c5-43df-954c-07440c67b5fc]   Rendered /Users/a_norton/.rvm/gems/ruby-2.6.3/bundler/gems/exception_notification-28b2f3329d09/lib/exception_notifier/views/exception_notifier/_title.text.erb (Duration: 0.1ms | Allocations: 24)
I, [2020-12-26T13:48:53.234393 #3862]  INFO -- : [38f8a819-95c5-43df-954c-07440c67b5fc]   Rendered /Users/a_norton/.rvm/gems/ruby-2.6.3/bundler/gems/exception_notification-28b2f3329d09/lib/exception_notifier/views/exception_notifier/_backtrace.text.erb (Duration: 0.1ms | Allocations: 9)
I, [2020-12-26T13:48:53.234745 #3862]  INFO -- : [38f8a819-95c5-43df-954c-07440c67b5fc]   Rendered /Users/a_norton/.rvm/gems/ruby-2.6.3/bundler/gems/exception_notification-28b2f3329d09/lib/exception_notifier/views/exception_notifier/_title.text.erb (Duration: 0.1ms | Allocations: 24)
I, [2020-12-26T13:48:53.234902 #3862]  INFO -- : [38f8a819-95c5-43df-954c-07440c67b5fc]   Rendered /Users/a_norton/.rvm/gems/ruby-2.6.3/bundler/gems/exception_notification-28b2f3329d09/lib/exception_notifier/views/exception_notifier/exception_notification.text.erb (Duration: 9.0ms | Allocations: 2866)
D, [2020-12-26T13:48:53.235656 #3862] DEBUG -- : [38f8a819-95c5-43df-954c-07440c67b5fc] #exception_notification: processed outbound mail in 13.5ms
I, [2020-12-26T13:48:53.684550 #3862]  INFO -- : [38f8a819-95c5-43df-954c-07440c67b5fc] Delivered mail 5fe7859539ba9_f163fd77f7d622097681@Allenes-MacBook-Air.local.mail (448.6ms)
D, [2020-12-26T13:48:53.684967 #3862] DEBUG -- : [38f8a819-95c5-43df-954c-07440c67b5fc] Date: Sat, 26 Dec 2020 13:48:53 -0500
To: communityconnections@sacconect.com
Message-ID: <5fe7859539ba9_f163fd77f7d622097681@Allenes-MacBook-Air.local.mail>
Subject: [ResiTownSacramento] home#index (ActiveRecord::NoDatabaseError)
 "FATAL:  database \"covid_production\" does not exist\n"
Mime-Version: 1.0
Content-Type: text/plain;
 charset=UTF-8
Content-Transfer-Encoding: 7bit

An ActiveRecord::NoDatabaseError occurred in home#index:

  FATAL:  database "covid_production" does not exist

  app/controllers/application_controller.rb:105:in `block (2 levels) in hydrate_project_categories'


-------------------------------
Request:
-------------------------------

  * URL        : http://localhost:3000/
  * HTTP Method: GET
  * IP address : 127.0.0.1
  * Parameters : {"controller"=>"home", "action"=>"index"}
  * Timestamp  : 2020-12-26 10:48:53 -0800
  * Server : Allenes-MacBook-Air.local
    * Rails root : /Users/a_norton/Documents/Community_Connections/covid-volunteers
  * Process: 3862

-------------------------------
Session:
-------------------------------

  * session id: nil
  * data: {}

-------------------------------
Environment:
-------------------------------

  * GATEWAY_INTERFACE                                       : CGI/1.2
    * HTTP_ACCEPT                                             : text/html,application/xhtml+xml,application/xml;q=0.9,image/avif,image/webp,image/apng,*/*;q=0.8,application/signed-exchange;v=b3;q=0.9
    * HTTP_ACCEPT_ENCODING                                    : gzip, deflate, br
    * HTTP_ACCEPT_LANGUAGE                                    : en-US,en;q=0.9
    * HTTP_CACHE_CONTROL                                      : max-age=0
    * HTTP_CONNECTION                                         : keep-alive
    * HTTP_COOKIE                                             : io=V7ectMrsFxlz7zfFAAAO; _covid_volunteers_session=6ytglOtF9vU8QtOPp6on5PuSeLLjwVrMYZLMzQwlOB3UBk9EqSNyd9wdoN0IM4qbt4Zg04%2Bf3H%2F1DiPTcGeDr%2Fe7oVwX4lqY1Ej0ndvkCCsYCOvpVia%2F3o%2BnFuoFLlTFt2wS6qLVa27lUdPfyybkGvXJacur8h%2FysWh9cSUeLkvh9abd0aHh4AqbmvR59GG1aAJmzzwdasmWZYsjA9A9OfyaT4VnfrRUrAtKCEvH0ZH%2BVu0uwbxfpnCl4lXqo%2B2GeN7%2FGyWJeCqCQtT3xUqhNeoXJfW49qHtEua3U58T%2BWtWAK9Or8mn8vF12B0x18O%2B9B%2BgGEnV2T79x%2B%2BRd3vrDjb86C51KZpc0teUX3N06F%2FNyeiySVHPe19kiM6oigPBnGKatG3F838HRL6w1kN4KPOVLE6KIL1vNtpdRIyCXJrYQqWKxd7t1QkUpGPdtCJHHSMpPEct7fxNukIncw%3D%3D--6%2FTv8VlfKgC8aSsE--XJ2AYbqaAaUoNI11gFbjzA%3D%3D
    * HTTP_HOST                                               : localhost:3000
    * HTTP_SEC_CH_UA                                          : "Google Chrome";v="87", " Not;A Brand";v="99", "Chromium";v="87"
    * HTTP_SEC_CH_UA_MOBILE                                   : ?0
    * HTTP_SEC_FETCH_DEST                                     : document
    * HTTP_SEC_FETCH_MODE                                     : navigate
    * HTTP_SEC_FETCH_SITE                                     : none
    * HTTP_SEC_FETCH_USER                                     : ?1
    * HTTP_UPGRADE_INSECURE_REQUESTS                          : 1
    * HTTP_USER_AGENT                                         : Mozilla/5.0 (Macintosh; Intel Mac OS X 10_15_7) AppleWebKit/537.36 (KHTML, like Gecko) Chrome/87.0.4280.88 Safari/537.36
    * HTTP_VERSION                                            : HTTP/1.1
    * ORIGINAL_FULLPATH                                       : /
    * ORIGINAL_SCRIPT_NAME                                    :
    * PATH_INFO                                               : /
    * QUERY_STRING                                            :
    * REMOTE_ADDR                                             : 127.0.0.1
    * REQUEST_METHOD                                          : GET
    * REQUEST_PATH                                            : /
    * REQUEST_URI                                             : /
    * ROUTES_70194787228560_SCRIPT_NAME                       :
    * SCRIPT_NAME                                             :
    * SERVER_NAME                                             : localhost
    * SERVER_PORT                                             : 3000
    * SERVER_PROTOCOL                                         : HTTP/1.1
    * SERVER_SOFTWARE                                         : puma 4.3.6 Mysterious Traveller
    * action_controller.instance                              : #<HomeController:0x00007faf00ae18c8>
    * action_dispatch.authenticated_encrypted_cookie_salt     : authenticated encrypted cookie
    * action_dispatch.backtrace_cleaner                       : #<Rails::BacktraceCleaner:0x00007faefc816cf0>
    * action_dispatch.content_security_policy                 :
    * action_dispatch.content_security_policy_nonce_directives:
    * action_dispatch.content_security_policy_nonce_generator :
    * action_dispatch.content_security_policy_report_only     : false
    * action_dispatch.cookies                                 : #<ActionDispatch::Cookies::CookieJar:0x00007faefc117738>
    * action_dispatch.cookies_digest                          :
    * action_dispatch.cookies_rotations                       : #<ActiveSupport::Messages::RotationConfiguration:0x00007faef8c9bec8>
    * action_dispatch.cookies_serializer                      : json
    * action_dispatch.encrypted_cookie_cipher                 :
    * action_dispatch.encrypted_cookie_salt                   : encrypted cookie
    * action_dispatch.encrypted_signed_cookie_salt            : signed encrypted cookie
    * action_dispatch.http_auth_salt                          : http authentication
    * action_dispatch.key_generator                           : #<ActiveSupport::CachingKeyGenerator:0x00007faf008668c8>
    * action_dispatch.logger                                  : #<ActiveSupport::Logger:0x00007faefebb4c98>
    * action_dispatch.parameter_filter                        : [:password]
    * action_dispatch.redirect_filter                         : []
    * action_dispatch.remote_ip                               : 127.0.0.1
    * action_dispatch.request.content_type                    :
    * action_dispatch.request.formats                         : [#<Mime::Type:0x00007faef8fcf950 @synonyms=["application/xhtml+xml"], @symbol=:html, @string="text/html", @hash=-2767432033595018526>]
    * action_dispatch.request.parameters                      : {"controller"=>"home", "action"=>"index"}
    * action_dispatch.request.path_parameters                 : {:controller=>"home", :action=>"index"}
    * action_dispatch.request.query_parameters                : {}
    * action_dispatch.request.request_parameters              : {}
    * action_dispatch.request.unsigned_session_cookie         : {}
    * action_dispatch.request_id                              : 38f8a819-95c5-43df-954c-07440c67b5fc
    * action_dispatch.routes                                  : #<ActionDispatch::Routing::RouteSet:0x00007faefeb73720>
    * action_dispatch.secret_key_base                         : 1f0433ce37cfa604b0f702bc0d544167ed26f4e6c971c5010d0f941cb9f9f68b162f3bb0dc9df62f0e181291fd431c1fcbf004615bfffe668a6b730041f69a4a
    * action_dispatch.show_detailed_exceptions                : false
    * action_dispatch.show_exceptions                         : true
    * action_dispatch.signed_cookie_digest                    :
    * action_dispatch.signed_cookie_salt                      : signed cookie
    * action_dispatch.use_authenticated_cookie_encryption     : true
    * action_dispatch.use_cookies_with_metadata               : true
    * puma.config                                             : #<Puma::Configuration:0x00007faefc8916d0>
    * puma.request_body_wait                                  : 0
    * puma.socket                                             : #<TCPSocket:0x00007faefeac2fb0>
    * rack.after_reply                                        : []
    * rack.errors                                             : #<IO:0x00007faef8884c68>
    * rack.hijack                                             : #<Puma::Client:0x00007faefeac2f38>
    * rack.hijack?                                            : true
    * rack.input                                              : #<Puma::NullIO:0x00007faf00a3a7d0>
    * rack.multiprocess                                       : false
    * rack.multithread                                        : true
    * rack.request.cookie_hash                                : {"io"=>"V7ectMrsFxlz7zfFAAAO", "_covid_volunteers_session"=>"6ytglOtF9vU8QtOPp6on5PuSeLLjwVrMYZLMzQwlOB3UBk9EqSNyd9wdoN0IM4qbt4Zg04+f3H/1DiPTcGeDr/e7oVwX4lqY1Ej0ndvkCCsYCOvpVia/3o+nFuoFLlTFt2wS6qLVa27lUdPfyybkGvXJacur8h/ysWh9cSUeLkvh9abd0aHh4AqbmvR59GG1aAJmzzwdasmWZYsjA9A9OfyaT4VnfrRUrAtKCEvH0ZH+Vu0...
    * rack.request.cookie_string                              : io=V7ectMrsFxlz7zfFAAAO; _covid_volunteers_session=6ytglOtF9vU8QtOPp6on5PuSeLLjwVrMYZLMzQwlOB3UBk9EqSNyd9wdoN0IM4qbt4Zg04%2Bf3H%2F1DiPTcGeDr%2Fe7oVwX4lqY1Ej0ndvkCCsYCOvpVia%2F3o%2BnFuoFLlTFt2wS6qLVa27lUdPfyybkGvXJacur8h%2FysWh9cSUeLkvh9abd0aHh4AqbmvR59GG1aAJmzzwdasmWZYsjA9A9OfyaT4VnfrRUrAtKCEvH0ZH%2BVu0uwbxfpnCl4lXqo%2B2GeN7%2FGyWJeCqCQtT3xUqhNeoXJfW49qHtEua3U58T%2BWtWAK9Or8mn8vF12B0x18O%2B9B%2BgGEnV2T79x%2B%2BRd3vrDjb86C51KZpc0teUX3N06F%2FNyeiySVHPe19kiM6oigPBnGKatG3F838HRL6w1kN4KPOVLE6KIL1vNtpdRIyCXJrYQqWKxd7t1QkUpGPdtCJHHSMpPEct7fxNukIncw%3D%3D--6%2FTv8VlfKgC8aSsE--XJ2AYbqaAaUoNI11gFbjzA%3D%3D
    * rack.request.query_hash                                 : {}
    * rack.request.query_string                               :
    * rack.run_once                                           : false
    * rack.session                                            : #<ActionDispatch::Request::Session:0x00007faf00ae2a98>
    * rack.session.options                                    : #<ActionDispatch::Request::Session::Options:0x00007faf00ae2a48>
    * rack.tempfiles                                          : []
    * rack.url_scheme                                         : http
    * rack.version                                            : [1, 3]
    * warden                                                  : Warden::Proxy:70194803709120 @config={:default_scope=>:user, :scope_defaults=>{}, :default_strategies=>{:user=>[:rememberable, :database_authenticatable]}, :intercept_401=>false, :failure_app=>#<Devise::Delegator:0x00007faf00959eb0>}

-------------------------------
Backtrace:
-------------------------------

  app/controllers/application_controller.rb:105:in `block (2 levels) in hydrate_project_categories'
  app/controllers/application_controller.rb:105:in `block in hydrate_project_categories'
  app/controllers/application_controller.rb:103:in `each'
  app/controllers/application_controller.rb:103:in `hydrate_project_categories'
  app/controllers/application_controller.rb:128:in `switch_locale'



F, [2020-12-26T13:48:53.765149 #3862] FATAL -- : [38f8a819-95c5-43df-954c-07440c67b5fc]   
[38f8a819-95c5-43df-954c-07440c67b5fc] ActiveRecord::NoDatabaseError (FATAL:  database "covid_production" does not exist
):
[38f8a819-95c5-43df-954c-07440c67b5fc]   
[38f8a819-95c5-43df-954c-07440c67b5fc] app/controllers/application_controller.rb:105:in `block (2 levels) in hydrate_project_categories'
[38f8a819-95c5-43df-954c-07440c67b5fc] app/controllers/application_controller.rb:105:in `block in hydrate_project_categories'
[38f8a819-95c5-43df-954c-07440c67b5fc] app/controllers/application_controller.rb:103:in `each'
[38f8a819-95c5-43df-954c-07440c67b5fc] app/controllers/application_controller.rb:103:in `hydrate_project_categories'
[38f8a819-95c5-43df-954c-07440c67b5fc] app/controllers/application_controller.rb:128:in `switch_locale'
I, [2020-12-26T13:50:39.385550 #3911]  INFO -- : [d8a85dcd-f950-43df-a500-bc31ee1f2064] Started GET "/" for 127.0.0.1 at 2020-12-26 13:50:39 -0500
I, [2020-12-26T13:50:39.390817 #3911]  INFO -- : [d8a85dcd-f950-43df-a500-bc31ee1f2064] Processing by HomeController#index as HTML
D, [2020-12-26T13:50:39.398595 #3911] DEBUG -- : [d8a85dcd-f950-43df-a500-bc31ee1f2064] * Locale: HTTP Accept-Language: "en"
I, [2020-12-26T13:50:39.398687 #3911]  INFO -- : [d8a85dcd-f950-43df-a500-bc31ee1f2064] * Locale set to "en"
I, [2020-12-26T13:50:39.404696 #3911]  INFO -- : [d8a85dcd-f950-43df-a500-bc31ee1f2064] Completed 500 Internal Server Error in 14ms (Allocations: 1793)
I, [2020-12-26T13:50:39.431703 #3911]  INFO -- : [d8a85dcd-f950-43df-a500-bc31ee1f2064]   Rendering /Users/a_norton/.rvm/gems/ruby-2.6.3/bundler/gems/exception_notification-28b2f3329d09/lib/exception_notifier/views/exception_notifier/exception_notification.text.erb
I, [2020-12-26T13:50:39.436723 #3911]  INFO -- : [d8a85dcd-f950-43df-a500-bc31ee1f2064]   Rendered /Users/a_norton/.rvm/gems/ruby-2.6.3/bundler/gems/exception_notification-28b2f3329d09/lib/exception_notifier/views/exception_notifier/_request.text.erb (Duration: 1.2ms | Allocations: 346)
I, [2020-12-26T13:50:39.440012 #3911]  INFO -- : [d8a85dcd-f950-43df-a500-bc31ee1f2064]   Rendered /Users/a_norton/.rvm/gems/ruby-2.6.3/bundler/gems/exception_notification-28b2f3329d09/lib/exception_notifier/views/exception_notifier/_title.text.erb (Duration: 1.4ms | Allocations: 128)
I, [2020-12-26T13:50:39.445234 #3911]  INFO -- : [d8a85dcd-f950-43df-a500-bc31ee1f2064]   Rendered /Users/a_norton/.rvm/gems/ruby-2.6.3/bundler/gems/exception_notification-28b2f3329d09/lib/exception_notifier/views/exception_notifier/_session.text.erb (Duration: 2.1ms | Allocations: 165)
I, [2020-12-26T13:50:39.445528 #3911]  INFO -- : [d8a85dcd-f950-43df-a500-bc31ee1f2064]   Rendered /Users/a_norton/.rvm/gems/ruby-2.6.3/bundler/gems/exception_notification-28b2f3329d09/lib/exception_notifier/views/exception_notifier/_title.text.erb (Duration: 0.1ms | Allocations: 24)
I, [2020-12-26T13:50:39.450309 #3911]  INFO -- : [d8a85dcd-f950-43df-a500-bc31ee1f2064]   Rendered /Users/a_norton/.rvm/gems/ruby-2.6.3/bundler/gems/exception_notification-28b2f3329d09/lib/exception_notifier/views/exception_notifier/_environment.text.erb (Duration: 2.8ms | Allocations: 1753)
I, [2020-12-26T13:50:39.450570 #3911]  INFO -- : [d8a85dcd-f950-43df-a500-bc31ee1f2064]   Rendered /Users/a_norton/.rvm/gems/ruby-2.6.3/bundler/gems/exception_notification-28b2f3329d09/lib/exception_notifier/views/exception_notifier/_title.text.erb (Duration: 0.1ms | Allocations: 24)
I, [2020-12-26T13:50:39.453298 #3911]  INFO -- : [d8a85dcd-f950-43df-a500-bc31ee1f2064]   Rendered /Users/a_norton/.rvm/gems/ruby-2.6.3/bundler/gems/exception_notification-28b2f3329d09/lib/exception_notifier/views/exception_notifier/_backtrace.text.erb (Duration: 0.7ms | Allocations: 100)
I, [2020-12-26T13:50:39.453620 #3911]  INFO -- : [d8a85dcd-f950-43df-a500-bc31ee1f2064]   Rendered /Users/a_norton/.rvm/gems/ruby-2.6.3/bundler/gems/exception_notification-28b2f3329d09/lib/exception_notifier/views/exception_notifier/_title.text.erb (Duration: 0.1ms | Allocations: 24)
I, [2020-12-26T13:50:39.453758 #3911]  INFO -- : [d8a85dcd-f950-43df-a500-bc31ee1f2064]   Rendered /Users/a_norton/.rvm/gems/ruby-2.6.3/bundler/gems/exception_notification-28b2f3329d09/lib/exception_notifier/views/exception_notifier/exception_notification.text.erb (Duration: 21.9ms | Allocations: 6925)
D, [2020-12-26T13:50:39.454421 #3911] DEBUG -- : [d8a85dcd-f950-43df-a500-bc31ee1f2064] #exception_notification: processed outbound mail in 34.2ms
I, [2020-12-26T13:50:39.956390 #3911]  INFO -- : [d8a85dcd-f950-43df-a500-bc31ee1f2064] Delivered mail 5fe785ff6f326_f473fed8c6cce241289e@Allenes-MacBook-Air.local.mail (501.8ms)
D, [2020-12-26T13:50:39.956480 #3911] DEBUG -- : [d8a85dcd-f950-43df-a500-bc31ee1f2064] Date: Sat, 26 Dec 2020 13:50:39 -0500
To: communityconnections@sacconect.com
Message-ID: <5fe785ff6f326_f473fed8c6cce241289e@Allenes-MacBook-Air.local.mail>
Subject: [ResiTownSacramento] home#index (ActiveRecord::NoDatabaseError)
 "FATAL:  database \"covid_production\" does not exist\n"
Mime-Version: 1.0
Content-Type: text/plain;
 charset=UTF-8
Content-Transfer-Encoding: 7bit

An ActiveRecord::NoDatabaseError occurred in home#index:

  FATAL:  database "covid_production" does not exist

  app/controllers/application_controller.rb:105:in `block (2 levels) in hydrate_project_categories'


-------------------------------
Request:
-------------------------------

  * URL        : http://localhost:3000/
  * HTTP Method: GET
  * IP address : 127.0.0.1
  * Parameters : {"controller"=>"home", "action"=>"index"}
  * Timestamp  : 2020-12-26 10:50:39 -0800
  * Server : Allenes-MacBook-Air.local
    * Rails root : /Users/a_norton/Documents/Community_Connections/covid-volunteers
  * Process: 3911

-------------------------------
Session:
-------------------------------

  * session id: nil
  * data: {}

-------------------------------
Environment:
-------------------------------

  * GATEWAY_INTERFACE                                       : CGI/1.2
    * HTTP_ACCEPT                                             : text/html,application/xhtml+xml,application/xml;q=0.9,image/avif,image/webp,image/apng,*/*;q=0.8,application/signed-exchange;v=b3;q=0.9
    * HTTP_ACCEPT_ENCODING                                    : gzip, deflate, br
    * HTTP_ACCEPT_LANGUAGE                                    : en-US,en;q=0.9
    * HTTP_CACHE_CONTROL                                      : max-age=0
    * HTTP_CONNECTION                                         : keep-alive
    * HTTP_COOKIE                                             : io=V7ectMrsFxlz7zfFAAAO; _covid_volunteers_session=6ytglOtF9vU8QtOPp6on5PuSeLLjwVrMYZLMzQwlOB3UBk9EqSNyd9wdoN0IM4qbt4Zg04%2Bf3H%2F1DiPTcGeDr%2Fe7oVwX4lqY1Ej0ndvkCCsYCOvpVia%2F3o%2BnFuoFLlTFt2wS6qLVa27lUdPfyybkGvXJacur8h%2FysWh9cSUeLkvh9abd0aHh4AqbmvR59GG1aAJmzzwdasmWZYsjA9A9OfyaT4VnfrRUrAtKCEvH0ZH%2BVu0uwbxfpnCl4lXqo%2B2GeN7%2FGyWJeCqCQtT3xUqhNeoXJfW49qHtEua3U58T%2BWtWAK9Or8mn8vF12B0x18O%2B9B%2BgGEnV2T79x%2B%2BRd3vrDjb86C51KZpc0teUX3N06F%2FNyeiySVHPe19kiM6oigPBnGKatG3F838HRL6w1kN4KPOVLE6KIL1vNtpdRIyCXJrYQqWKxd7t1QkUpGPdtCJHHSMpPEct7fxNukIncw%3D%3D--6%2FTv8VlfKgC8aSsE--XJ2AYbqaAaUoNI11gFbjzA%3D%3D
    * HTTP_HOST                                               : localhost:3000
    * HTTP_SEC_CH_UA                                          : "Google Chrome";v="87", " Not;A Brand";v="99", "Chromium";v="87"
    * HTTP_SEC_CH_UA_MOBILE                                   : ?0
    * HTTP_SEC_FETCH_DEST                                     : document
    * HTTP_SEC_FETCH_MODE                                     : navigate
    * HTTP_SEC_FETCH_SITE                                     : none
    * HTTP_SEC_FETCH_USER                                     : ?1
    * HTTP_UPGRADE_INSECURE_REQUESTS                          : 1
    * HTTP_USER_AGENT                                         : Mozilla/5.0 (Macintosh; Intel Mac OS X 10_15_7) AppleWebKit/537.36 (KHTML, like Gecko) Chrome/87.0.4280.88 Safari/537.36
    * HTTP_VERSION                                            : HTTP/1.1
    * ORIGINAL_FULLPATH                                       : /
    * ORIGINAL_SCRIPT_NAME                                    :
    * PATH_INFO                                               : /
    * QUERY_STRING                                            :
    * REMOTE_ADDR                                             : 127.0.0.1
    * REQUEST_METHOD                                          : GET
    * REQUEST_PATH                                            : /
    * REQUEST_URI                                             : /
    * ROUTES_70289456261940_SCRIPT_NAME                       :
    * SCRIPT_NAME                                             :
    * SERVER_NAME                                             : localhost
    * SERVER_PORT                                             : 3000
    * SERVER_PROTOCOL                                         : HTTP/1.1
    * SERVER_SOFTWARE                                         : puma 4.3.6 Mysterious Traveller
    * action_controller.instance                              : #<HomeController:0x00007fdb131da7b8>
    * action_dispatch.authenticated_encrypted_cookie_salt     : authenticated encrypted cookie
    * action_dispatch.backtrace_cleaner                       : #<Rails::BacktraceCleaner:0x00007fdb188befc0>
    * action_dispatch.content_security_policy                 :
    * action_dispatch.content_security_policy_nonce_directives:
    * action_dispatch.content_security_policy_nonce_generator :
    * action_dispatch.content_security_policy_report_only     : false
    * action_dispatch.cookies                                 : #<ActionDispatch::Cookies::CookieJar:0x00007fdb13229020>
    * action_dispatch.cookies_digest                          :
    * action_dispatch.cookies_rotations                       : #<ActiveSupport::Messages::RotationConfiguration:0x00007fdb131d0038>
    * action_dispatch.cookies_serializer                      : json
    * action_dispatch.encrypted_cookie_cipher                 :
    * action_dispatch.encrypted_cookie_salt                   : encrypted cookie
    * action_dispatch.encrypted_signed_cookie_salt            : signed encrypted cookie
    * action_dispatch.http_auth_salt                          : http authentication
    * action_dispatch.key_generator                           : #<ActiveSupport::CachingKeyGenerator:0x00007fdb18b75ea8>
    * action_dispatch.logger                                  : #<ActiveSupport::Logger:0x00007fdb1792ab90>
    * action_dispatch.parameter_filter                        : [:password]
    * action_dispatch.redirect_filter                         : []
    * action_dispatch.remote_ip                               : 127.0.0.1
    * action_dispatch.request.content_type                    :
    * action_dispatch.request.formats                         : [#<Mime::Type:0x00007fdb10ae44b0 @synonyms=["application/xhtml+xml"], @symbol=:html, @string="text/html", @hash=1814024311283478309>]
    * action_dispatch.request.parameters                      : {"controller"=>"home", "action"=>"index"}
    * action_dispatch.request.path_parameters                 : {:controller=>"home", :action=>"index"}
    * action_dispatch.request.query_parameters                : {}
    * action_dispatch.request.request_parameters              : {}
    * action_dispatch.request.unsigned_session_cookie         : {}
    * action_dispatch.request_id                              : d8a85dcd-f950-43df-a500-bc31ee1f2064
    * action_dispatch.routes                                  : #<ActionDispatch::Routing::RouteSet:0x00007fdb1424d668>
    * action_dispatch.secret_key_base                         : 1f0433ce37cfa604b0f702bc0d544167ed26f4e6c971c5010d0f941cb9f9f68b162f3bb0dc9df62f0e181291fd431c1fcbf004615bfffe668a6b730041f69a4a
    * action_dispatch.show_detailed_exceptions                : false
    * action_dispatch.show_exceptions                         : true
    * action_dispatch.signed_cookie_digest                    :
    * action_dispatch.signed_cookie_salt                      : signed cookie
    * action_dispatch.use_authenticated_cookie_encryption     : true
    * action_dispatch.use_cookies_with_metadata               : true
    * puma.config                                             : #<Puma::Configuration:0x00007fdb17cd4368>
    * puma.request_body_wait                                  : 0
    * puma.socket                                             : #<TCPSocket:0x00007fdb18d9ab48>
    * rack.after_reply                                        : []
    * rack.errors                                             : #<IO:0x00007fdb10884c60>
    * rack.hijack                                             : #<Puma::Client:0x00007fdb18d9aaa8>
    * rack.hijack?                                            : true
    * rack.input                                              : #<Puma::NullIO:0x00007fdb18d88ad8>
    * rack.multiprocess                                       : false
    * rack.multithread                                        : true
    * rack.request.cookie_hash                                : {"io"=>"V7ectMrsFxlz7zfFAAAO", "_covid_volunteers_session"=>"6ytglOtF9vU8QtOPp6on5PuSeLLjwVrMYZLMzQwlOB3UBk9EqSNyd9wdoN0IM4qbt4Zg04+f3H/1DiPTcGeDr/e7oVwX4lqY1Ej0ndvkCCsYCOvpVia/3o+nFuoFLlTFt2wS6qLVa27lUdPfyybkGvXJacur8h/ysWh9cSUeLkvh9abd0aHh4AqbmvR59GG1aAJmzzwdasmWZYsjA9A9OfyaT4VnfrRUrAtKCEvH0ZH+Vu0...
    * rack.request.cookie_string                              : io=V7ectMrsFxlz7zfFAAAO; _covid_volunteers_session=6ytglOtF9vU8QtOPp6on5PuSeLLjwVrMYZLMzQwlOB3UBk9EqSNyd9wdoN0IM4qbt4Zg04%2Bf3H%2F1DiPTcGeDr%2Fe7oVwX4lqY1Ej0ndvkCCsYCOvpVia%2F3o%2BnFuoFLlTFt2wS6qLVa27lUdPfyybkGvXJacur8h%2FysWh9cSUeLkvh9abd0aHh4AqbmvR59GG1aAJmzzwdasmWZYsjA9A9OfyaT4VnfrRUrAtKCEvH0ZH%2BVu0uwbxfpnCl4lXqo%2B2GeN7%2FGyWJeCqCQtT3xUqhNeoXJfW49qHtEua3U58T%2BWtWAK9Or8mn8vF12B0x18O%2B9B%2BgGEnV2T79x%2B%2BRd3vrDjb86C51KZpc0teUX3N06F%2FNyeiySVHPe19kiM6oigPBnGKatG3F838HRL6w1kN4KPOVLE6KIL1vNtpdRIyCXJrYQqWKxd7t1QkUpGPdtCJHHSMpPEct7fxNukIncw%3D%3D--6%2FTv8VlfKgC8aSsE--XJ2AYbqaAaUoNI11gFbjzA%3D%3D
    * rack.request.query_hash                                 : {}
    * rack.request.query_string                               :
    * rack.run_once                                           : false
    * rack.session                                            : #<ActionDispatch::Request::Session:0x00007fdb131a27f0>
    * rack.session.options                                    : #<ActionDispatch::Request::Session::Options:0x00007fdb131a2638>
    * rack.tempfiles                                          : []
    * rack.url_scheme                                         : http
    * rack.version                                            : [1, 3]
    * warden                                                  : Warden::Proxy:70289447519420 @config={:default_scope=>:user, :scope_defaults=>{}, :default_strategies=>{:user=>[:rememberable, :database_authenticatable]}, :intercept_401=>false, :failure_app=>#<Devise::Delegator:0x00007fdb1895cb58>}

-------------------------------
Backtrace:
-------------------------------

  app/controllers/application_controller.rb:105:in `block (2 levels) in hydrate_project_categories'
  app/controllers/application_controller.rb:105:in `block in hydrate_project_categories'
  app/controllers/application_controller.rb:103:in `each'
  app/controllers/application_controller.rb:103:in `hydrate_project_categories'
  app/controllers/application_controller.rb:128:in `switch_locale'



F, [2020-12-26T13:50:39.958597 #3911] FATAL -- : [d8a85dcd-f950-43df-a500-bc31ee1f2064]   
[d8a85dcd-f950-43df-a500-bc31ee1f2064] ActiveRecord::NoDatabaseError (FATAL:  database "covid_production" does not exist
):
[d8a85dcd-f950-43df-a500-bc31ee1f2064]   
[d8a85dcd-f950-43df-a500-bc31ee1f2064] app/controllers/application_controller.rb:105:in `block (2 levels) in hydrate_project_categories'
[d8a85dcd-f950-43df-a500-bc31ee1f2064] app/controllers/application_controller.rb:105:in `block in hydrate_project_categories'
[d8a85dcd-f950-43df-a500-bc31ee1f2064] app/controllers/application_controller.rb:103:in `each'
[d8a85dcd-f950-43df-a500-bc31ee1f2064] app/controllers/application_controller.rb:103:in `hydrate_project_categories'
[d8a85dcd-f950-43df-a500-bc31ee1f2064] app/controllers/application_controller.rb:128:in `switch_locale'
I, [2020-12-26T14:07:34.563739 #4498]  INFO -- : [5abb6a0b-e907-4f20-a6e1-a38e8b4177d0] Started GET "/" for 127.0.0.1 at 2020-12-26 14:07:34 -0500
I, [2020-12-26T14:07:34.568521 #4498]  INFO -- : [5abb6a0b-e907-4f20-a6e1-a38e8b4177d0] Processing by HomeController#index as HTML
D, [2020-12-26T14:07:34.574774 #4498] DEBUG -- : [5abb6a0b-e907-4f20-a6e1-a38e8b4177d0] * Locale: HTTP Accept-Language: "en"
I, [2020-12-26T14:07:34.574875 #4498]  INFO -- : [5abb6a0b-e907-4f20-a6e1-a38e8b4177d0] * Locale set to "en"
I, [2020-12-26T14:07:34.598034 #4498]  INFO -- : [5abb6a0b-e907-4f20-a6e1-a38e8b4177d0] Completed 500 Internal Server Error in 29ms (Allocations: 1793)
I, [2020-12-26T14:07:34.623330 #4498]  INFO -- : [5abb6a0b-e907-4f20-a6e1-a38e8b4177d0]   Rendering /Users/a_norton/.rvm/gems/ruby-2.6.3/bundler/gems/exception_notification-28b2f3329d09/lib/exception_notifier/views/exception_notifier/exception_notification.text.erb
I, [2020-12-26T14:07:34.630047 #4498]  INFO -- : [5abb6a0b-e907-4f20-a6e1-a38e8b4177d0]   Rendered /Users/a_norton/.rvm/gems/ruby-2.6.3/bundler/gems/exception_notification-28b2f3329d09/lib/exception_notifier/views/exception_notifier/_request.text.erb (Duration: 1.9ms | Allocations: 346)
I, [2020-12-26T14:07:34.633964 #4498]  INFO -- : [5abb6a0b-e907-4f20-a6e1-a38e8b4177d0]   Rendered /Users/a_norton/.rvm/gems/ruby-2.6.3/bundler/gems/exception_notification-28b2f3329d09/lib/exception_notifier/views/exception_notifier/_title.text.erb (Duration: 1.8ms | Allocations: 128)
I, [2020-12-26T14:07:34.637882 #4498]  INFO -- : [5abb6a0b-e907-4f20-a6e1-a38e8b4177d0]   Rendered /Users/a_norton/.rvm/gems/ruby-2.6.3/bundler/gems/exception_notification-28b2f3329d09/lib/exception_notifier/views/exception_notifier/_session.text.erb (Duration: 1.6ms | Allocations: 165)
I, [2020-12-26T14:07:34.638166 #4498]  INFO -- : [5abb6a0b-e907-4f20-a6e1-a38e8b4177d0]   Rendered /Users/a_norton/.rvm/gems/ruby-2.6.3/bundler/gems/exception_notification-28b2f3329d09/lib/exception_notifier/views/exception_notifier/_title.text.erb (Duration: 0.1ms | Allocations: 24)
I, [2020-12-26T14:07:34.646868 #4498]  INFO -- : [5abb6a0b-e907-4f20-a6e1-a38e8b4177d0]   Rendered /Users/a_norton/.rvm/gems/ruby-2.6.3/bundler/gems/exception_notification-28b2f3329d09/lib/exception_notifier/views/exception_notifier/_environment.text.erb (Duration: 5.7ms | Allocations: 1753)
I, [2020-12-26T14:07:34.647137 #4498]  INFO -- : [5abb6a0b-e907-4f20-a6e1-a38e8b4177d0]   Rendered /Users/a_norton/.rvm/gems/ruby-2.6.3/bundler/gems/exception_notification-28b2f3329d09/lib/exception_notifier/views/exception_notifier/_title.text.erb (Duration: 0.1ms | Allocations: 24)
I, [2020-12-26T14:07:34.650447 #4498]  INFO -- : [5abb6a0b-e907-4f20-a6e1-a38e8b4177d0]   Rendered /Users/a_norton/.rvm/gems/ruby-2.6.3/bundler/gems/exception_notification-28b2f3329d09/lib/exception_notifier/views/exception_notifier/_backtrace.text.erb (Duration: 1.4ms | Allocations: 100)
I, [2020-12-26T14:07:34.650726 #4498]  INFO -- : [5abb6a0b-e907-4f20-a6e1-a38e8b4177d0]   Rendered /Users/a_norton/.rvm/gems/ruby-2.6.3/bundler/gems/exception_notification-28b2f3329d09/lib/exception_notifier/views/exception_notifier/_title.text.erb (Duration: 0.1ms | Allocations: 24)
I, [2020-12-26T14:07:34.650849 #4498]  INFO -- : [5abb6a0b-e907-4f20-a6e1-a38e8b4177d0]   Rendered /Users/a_norton/.rvm/gems/ruby-2.6.3/bundler/gems/exception_notification-28b2f3329d09/lib/exception_notifier/views/exception_notifier/exception_notification.text.erb (Duration: 27.4ms | Allocations: 6925)
D, [2020-12-26T14:07:34.651429 #4498] DEBUG -- : [5abb6a0b-e907-4f20-a6e1-a38e8b4177d0] #exception_notification: processed outbound mail in 38.5ms
I, [2020-12-26T14:07:35.164265 #4498]  INFO -- : [5abb6a0b-e907-4f20-a6e1-a38e8b4177d0] Delivered mail 5fe789f69f31e_11923fce03641c5063317@Allenes-MacBook-Air.local.mail (512.7ms)
D, [2020-12-26T14:07:35.164399 #4498] DEBUG -- : [5abb6a0b-e907-4f20-a6e1-a38e8b4177d0] Date: Sat, 26 Dec 2020 14:07:34 -0500
To: communityconnections@sacconect.com
Message-ID: <5fe789f69f31e_11923fce03641c5063317@Allenes-MacBook-Air.local.mail>
Subject: [ResiTownSacramento] home#index (ActiveRecord::NoDatabaseError)
 "FATAL:  database \"covid_production\" does not exist\n"
Mime-Version: 1.0
Content-Type: text/plain;
 charset=UTF-8
Content-Transfer-Encoding: 7bit

An ActiveRecord::NoDatabaseError occurred in home#index:

  FATAL:  database "covid_production" does not exist

  app/controllers/application_controller.rb:105:in `block (2 levels) in hydrate_project_categories'


-------------------------------
Request:
-------------------------------

  * URL        : http://localhost:3000/
  * HTTP Method: GET
  * IP address : 127.0.0.1
  * Parameters : {"controller"=>"home", "action"=>"index"}
  * Timestamp  : 2020-12-26 11:07:34 -0800
  * Server : Allenes-MacBook-Air.local
    * Rails root : /Users/a_norton/Documents/Community_Connections/covid-volunteers
  * Process: 4498

-------------------------------
Session:
-------------------------------

  * session id: nil
  * data: {}

-------------------------------
Environment:
-------------------------------

  * GATEWAY_INTERFACE                                       : CGI/1.2
    * HTTP_ACCEPT                                             : text/html,application/xhtml+xml,application/xml;q=0.9,image/avif,image/webp,image/apng,*/*;q=0.8,application/signed-exchange;v=b3;q=0.9
    * HTTP_ACCEPT_ENCODING                                    : gzip, deflate, br
    * HTTP_ACCEPT_LANGUAGE                                    : en-US,en;q=0.9
    * HTTP_CONNECTION                                         : keep-alive
    * HTTP_COOKIE                                             : io=V7ectMrsFxlz7zfFAAAO; _covid_volunteers_session=6ytglOtF9vU8QtOPp6on5PuSeLLjwVrMYZLMzQwlOB3UBk9EqSNyd9wdoN0IM4qbt4Zg04%2Bf3H%2F1DiPTcGeDr%2Fe7oVwX4lqY1Ej0ndvkCCsYCOvpVia%2F3o%2BnFuoFLlTFt2wS6qLVa27lUdPfyybkGvXJacur8h%2FysWh9cSUeLkvh9abd0aHh4AqbmvR59GG1aAJmzzwdasmWZYsjA9A9OfyaT4VnfrRUrAtKCEvH0ZH%2BVu0uwbxfpnCl4lXqo%2B2GeN7%2FGyWJeCqCQtT3xUqhNeoXJfW49qHtEua3U58T%2BWtWAK9Or8mn8vF12B0x18O%2B9B%2BgGEnV2T79x%2B%2BRd3vrDjb86C51KZpc0teUX3N06F%2FNyeiySVHPe19kiM6oigPBnGKatG3F838HRL6w1kN4KPOVLE6KIL1vNtpdRIyCXJrYQqWKxd7t1QkUpGPdtCJHHSMpPEct7fxNukIncw%3D%3D--6%2FTv8VlfKgC8aSsE--XJ2AYbqaAaUoNI11gFbjzA%3D%3D
    * HTTP_HOST                                               : localhost:3000
    * HTTP_PURPOSE                                            : prefetch
    * HTTP_SEC_CH_UA                                          : "Google Chrome";v="87", " Not;A Brand";v="99", "Chromium";v="87"
    * HTTP_SEC_CH_UA_MOBILE                                   : ?0
    * HTTP_SEC_FETCH_DEST                                     : document
    * HTTP_SEC_FETCH_MODE                                     : navigate
    * HTTP_SEC_FETCH_SITE                                     : none
    * HTTP_SEC_FETCH_USER                                     : ?1
    * HTTP_UPGRADE_INSECURE_REQUESTS                          : 1
    * HTTP_USER_AGENT                                         : Mozilla/5.0 (Macintosh; Intel Mac OS X 10_15_7) AppleWebKit/537.36 (KHTML, like Gecko) Chrome/87.0.4280.88 Safari/537.36
    * HTTP_VERSION                                            : HTTP/1.1
    * ORIGINAL_FULLPATH                                       : /
    * ORIGINAL_SCRIPT_NAME                                    :
    * PATH_INFO                                               : /
    * QUERY_STRING                                            :
    * REMOTE_ADDR                                             : 127.0.0.1
    * REQUEST_METHOD                                          : GET
    * REQUEST_PATH                                            : /
    * REQUEST_URI                                             : /
    * ROUTES_70154055652720_SCRIPT_NAME                       :
    * SCRIPT_NAME                                             :
    * SERVER_NAME                                             : localhost
    * SERVER_PORT                                             : 3000
    * SERVER_PROTOCOL                                         : HTTP/1.1
    * SERVER_SOFTWARE                                         : puma 4.3.6 Mysterious Traveller
    * action_controller.instance                              : #<HomeController:0x00007f9bffaeda88>
    * action_dispatch.authenticated_encrypted_cookie_salt     : authenticated encrypted cookie
    * action_dispatch.backtrace_cleaner                       : #<Rails::BacktraceCleaner:0x00007f9c072a8460>
    * action_dispatch.content_security_policy                 :
    * action_dispatch.content_security_policy_nonce_directives:
    * action_dispatch.content_security_policy_nonce_generator :
    * action_dispatch.content_security_policy_report_only     : false
    * action_dispatch.cookies                                 : #<ActionDispatch::Cookies::CookieJar:0x00007f9bffc82c68>
    * action_dispatch.cookies_digest                          :
    * action_dispatch.cookies_rotations                       : #<ActiveSupport::Messages::RotationConfiguration:0x00007f9c02328408>
    * action_dispatch.cookies_serializer                      : json
    * action_dispatch.encrypted_cookie_cipher                 :
    * action_dispatch.encrypted_cookie_salt                   : encrypted cookie
    * action_dispatch.encrypted_signed_cookie_salt            : signed encrypted cookie
    * action_dispatch.http_auth_salt                          : http authentication
    * action_dispatch.key_generator                           : #<ActiveSupport::CachingKeyGenerator:0x00007f9c07423b00>
    * action_dispatch.logger                                  : #<ActiveSupport::Logger:0x00007f9c0306da28>
    * action_dispatch.parameter_filter                        : [:password]
    * action_dispatch.redirect_filter                         : []
    * action_dispatch.remote_ip                               : 127.0.0.1
    * action_dispatch.request.content_type                    :
    * action_dispatch.request.formats                         : [#<Mime::Type:0x00007f9bffbdca20 @synonyms=["application/xhtml+xml"], @symbol=:html, @string="text/html", @hash=-1651417298059273557>]
    * action_dispatch.request.parameters                      : {"controller"=>"home", "action"=>"index"}
    * action_dispatch.request.path_parameters                 : {:controller=>"home", :action=>"index"}
    * action_dispatch.request.query_parameters                : {}
    * action_dispatch.request.request_parameters              : {}
    * action_dispatch.request.unsigned_session_cookie         : {}
    * action_dispatch.request_id                              : 5abb6a0b-e907-4f20-a6e1-a38e8b4177d0
    * action_dispatch.routes                                  : #<ActionDispatch::Routing::RouteSet:0x00007f9c07222ae0>
    * action_dispatch.secret_key_base                         : 1f0433ce37cfa604b0f702bc0d544167ed26f4e6c971c5010d0f941cb9f9f68b162f3bb0dc9df62f0e181291fd431c1fcbf004615bfffe668a6b730041f69a4a
    * action_dispatch.show_detailed_exceptions                : false
    * action_dispatch.show_exceptions                         : true
    * action_dispatch.signed_cookie_digest                    :
    * action_dispatch.signed_cookie_salt                      : signed cookie
    * action_dispatch.use_authenticated_cookie_encryption     : true
    * action_dispatch.use_cookies_with_metadata               : true
    * puma.config                                             : #<Puma::Configuration:0x00007f9c0909df88>
    * puma.request_body_wait                                  : 0
    * puma.socket                                             : #<TCPSocket:0x00007f9c06c825b8>
    * rack.after_reply                                        : []
    * rack.errors                                             : #<IO:0x00007f9bff884c60>
    * rack.hijack                                             : #<Puma::Client:0x00007f9c06c82540>
    * rack.hijack?                                            : true
    * rack.input                                              : #<Puma::NullIO:0x00007f9c0907e700>
    * rack.multiprocess                                       : false
    * rack.multithread                                        : true
    * rack.request.cookie_hash                                : {"io"=>"V7ectMrsFxlz7zfFAAAO", "_covid_volunteers_session"=>"6ytglOtF9vU8QtOPp6on5PuSeLLjwVrMYZLMzQwlOB3UBk9EqSNyd9wdoN0IM4qbt4Zg04+f3H/1DiPTcGeDr/e7oVwX4lqY1Ej0ndvkCCsYCOvpVia/3o+nFuoFLlTFt2wS6qLVa27lUdPfyybkGvXJacur8h/ysWh9cSUeLkvh9abd0aHh4AqbmvR59GG1aAJmzzwdasmWZYsjA9A9OfyaT4VnfrRUrAtKCEvH0ZH+Vu0...
    * rack.request.cookie_string                              : io=V7ectMrsFxlz7zfFAAAO; _covid_volunteers_session=6ytglOtF9vU8QtOPp6on5PuSeLLjwVrMYZLMzQwlOB3UBk9EqSNyd9wdoN0IM4qbt4Zg04%2Bf3H%2F1DiPTcGeDr%2Fe7oVwX4lqY1Ej0ndvkCCsYCOvpVia%2F3o%2BnFuoFLlTFt2wS6qLVa27lUdPfyybkGvXJacur8h%2FysWh9cSUeLkvh9abd0aHh4AqbmvR59GG1aAJmzzwdasmWZYsjA9A9OfyaT4VnfrRUrAtKCEvH0ZH%2BVu0uwbxfpnCl4lXqo%2B2GeN7%2FGyWJeCqCQtT3xUqhNeoXJfW49qHtEua3U58T%2BWtWAK9Or8mn8vF12B0x18O%2B9B%2BgGEnV2T79x%2B%2BRd3vrDjb86C51KZpc0teUX3N06F%2FNyeiySVHPe19kiM6oigPBnGKatG3F838HRL6w1kN4KPOVLE6KIL1vNtpdRIyCXJrYQqWKxd7t1QkUpGPdtCJHHSMpPEct7fxNukIncw%3D%3D--6%2FTv8VlfKgC8aSsE--XJ2AYbqaAaUoNI11gFbjzA%3D%3D
    * rack.request.query_hash                                 : {}
    * rack.request.query_string                               :
    * rack.run_once                                           : false
    * rack.session                                            : #<ActionDispatch::Request::Session:0x00007f9bff9ce490>
    * rack.session.options                                    : #<ActionDispatch::Request::Session::Options:0x00007f9bff9ce2d8>
    * rack.tempfiles                                          : []
    * rack.url_scheme                                         : http
    * rack.version                                            : [1, 3]
    * warden                                                  : Warden::Proxy:70153992564180 @config={:default_scope=>:user, :scope_defaults=>{}, :default_strategies=>{:user=>[:rememberable, :database_authenticatable]}, :intercept_401=>false, :failure_app=>#<Devise::Delegator:0x00007f9c06a7bdf0>}

-------------------------------
Backtrace:
-------------------------------

  app/controllers/application_controller.rb:105:in `block (2 levels) in hydrate_project_categories'
  app/controllers/application_controller.rb:105:in `block in hydrate_project_categories'
  app/controllers/application_controller.rb:103:in `each'
  app/controllers/application_controller.rb:103:in `hydrate_project_categories'
  app/controllers/application_controller.rb:128:in `switch_locale'



F, [2020-12-26T14:07:35.193120 #4498] FATAL -- : [5abb6a0b-e907-4f20-a6e1-a38e8b4177d0]   
[5abb6a0b-e907-4f20-a6e1-a38e8b4177d0] ActiveRecord::NoDatabaseError (FATAL:  database "covid_production" does not exist
):
[5abb6a0b-e907-4f20-a6e1-a38e8b4177d0]   
[5abb6a0b-e907-4f20-a6e1-a38e8b4177d0] app/controllers/application_controller.rb:105:in `block (2 levels) in hydrate_project_categories'
[5abb6a0b-e907-4f20-a6e1-a38e8b4177d0] app/controllers/application_controller.rb:105:in `block in hydrate_project_categories'
[5abb6a0b-e907-4f20-a6e1-a38e8b4177d0] app/controllers/application_controller.rb:103:in `each'
[5abb6a0b-e907-4f20-a6e1-a38e8b4177d0] app/controllers/application_controller.rb:103:in `hydrate_project_categories'
[5abb6a0b-e907-4f20-a6e1-a38e8b4177d0] app/controllers/application_controller.rb:128:in `switch_locale'
I, [2020-12-26T14:11:01.108140 #4629]  INFO -- : [f9839f1a-baa7-4d09-99f8-39d72e166a3d] Started GET "/" for 127.0.0.1 at 2020-12-26 14:11:01 -0500
I, [2020-12-26T14:11:01.113525 #4629]  INFO -- : [f9839f1a-baa7-4d09-99f8-39d72e166a3d] Processing by HomeController#index as HTML
D, [2020-12-26T14:11:01.124278 #4629] DEBUG -- : [f9839f1a-baa7-4d09-99f8-39d72e166a3d] * Locale: HTTP Accept-Language: "en"
I, [2020-12-26T14:11:01.124410 #4629]  INFO -- : [f9839f1a-baa7-4d09-99f8-39d72e166a3d] * Locale set to "en"
I, [2020-12-26T14:11:01.130737 #4629]  INFO -- : [f9839f1a-baa7-4d09-99f8-39d72e166a3d] Completed 500 Internal Server Error in 17ms (Allocations: 1793)
I, [2020-12-26T14:11:01.155584 #4629]  INFO -- : [f9839f1a-baa7-4d09-99f8-39d72e166a3d]   Rendering /Users/a_norton/.rvm/gems/ruby-2.6.3/bundler/gems/exception_notification-28b2f3329d09/lib/exception_notifier/views/exception_notifier/exception_notification.text.erb
I, [2020-12-26T14:11:01.162265 #4629]  INFO -- : [f9839f1a-baa7-4d09-99f8-39d72e166a3d]   Rendered /Users/a_norton/.rvm/gems/ruby-2.6.3/bundler/gems/exception_notification-28b2f3329d09/lib/exception_notifier/views/exception_notifier/_request.text.erb (Duration: 2.1ms | Allocations: 346)
I, [2020-12-26T14:11:01.165693 #4629]  INFO -- : [f9839f1a-baa7-4d09-99f8-39d72e166a3d]   Rendered /Users/a_norton/.rvm/gems/ruby-2.6.3/bundler/gems/exception_notification-28b2f3329d09/lib/exception_notifier/views/exception_notifier/_title.text.erb (Duration: 1.6ms | Allocations: 128)
I, [2020-12-26T14:11:01.170084 #4629]  INFO -- : [f9839f1a-baa7-4d09-99f8-39d72e166a3d]   Rendered /Users/a_norton/.rvm/gems/ruby-2.6.3/bundler/gems/exception_notification-28b2f3329d09/lib/exception_notifier/views/exception_notifier/_session.text.erb (Duration: 1.8ms | Allocations: 165)
I, [2020-12-26T14:11:01.170394 #4629]  INFO -- : [f9839f1a-baa7-4d09-99f8-39d72e166a3d]   Rendered /Users/a_norton/.rvm/gems/ruby-2.6.3/bundler/gems/exception_notification-28b2f3329d09/lib/exception_notifier/views/exception_notifier/_title.text.erb (Duration: 0.1ms | Allocations: 24)
I, [2020-12-26T14:11:01.177336 #4629]  INFO -- : [f9839f1a-baa7-4d09-99f8-39d72e166a3d]   Rendered /Users/a_norton/.rvm/gems/ruby-2.6.3/bundler/gems/exception_notification-28b2f3329d09/lib/exception_notifier/views/exception_notifier/_environment.text.erb (Duration: 3.8ms | Allocations: 1753)
I, [2020-12-26T14:11:01.177813 #4629]  INFO -- : [f9839f1a-baa7-4d09-99f8-39d72e166a3d]   Rendered /Users/a_norton/.rvm/gems/ruby-2.6.3/bundler/gems/exception_notification-28b2f3329d09/lib/exception_notifier/views/exception_notifier/_title.text.erb (Duration: 0.1ms | Allocations: 24)
I, [2020-12-26T14:11:01.181969 #4629]  INFO -- : [f9839f1a-baa7-4d09-99f8-39d72e166a3d]   Rendered /Users/a_norton/.rvm/gems/ruby-2.6.3/bundler/gems/exception_notification-28b2f3329d09/lib/exception_notifier/views/exception_notifier/_backtrace.text.erb (Duration: 1.7ms | Allocations: 100)
I, [2020-12-26T14:11:01.182205 #4629]  INFO -- : [f9839f1a-baa7-4d09-99f8-39d72e166a3d]   Rendered /Users/a_norton/.rvm/gems/ruby-2.6.3/bundler/gems/exception_notification-28b2f3329d09/lib/exception_notifier/views/exception_notifier/_title.text.erb (Duration: 0.1ms | Allocations: 24)
I, [2020-12-26T14:11:01.182298 #4629]  INFO -- : [f9839f1a-baa7-4d09-99f8-39d72e166a3d]   Rendered /Users/a_norton/.rvm/gems/ruby-2.6.3/bundler/gems/exception_notification-28b2f3329d09/lib/exception_notifier/views/exception_notifier/exception_notification.text.erb (Duration: 26.3ms | Allocations: 6925)
D, [2020-12-26T14:11:01.182851 #4629] DEBUG -- : [f9839f1a-baa7-4d09-99f8-39d72e166a3d] #exception_notification: processed outbound mail in 37.7ms
I, [2020-12-26T14:11:01.190693 #4629]  INFO -- : [f9839f1a-baa7-4d09-99f8-39d72e166a3d] Delivered mail 5fe78ac52cdbb_12153ffef91dfbcc6057e@Allenes-MacBook-Air.local.mail (7.7ms)
D, [2020-12-26T14:11:01.190774 #4629] DEBUG -- : [f9839f1a-baa7-4d09-99f8-39d72e166a3d] Date: Sat, 26 Dec 2020 14:11:01 -0500
To: communityconnections@sacconect.com
Message-ID: <5fe78ac52cdbb_12153ffef91dfbcc6057e@Allenes-MacBook-Air.local.mail>
Subject: [ResiTownSacramento] home#index (ActiveRecord::NoDatabaseError)
 "FATAL:  database \"covid_production\" does not exist\n"
Mime-Version: 1.0
Content-Type: text/plain;
 charset=UTF-8
Content-Transfer-Encoding: 7bit

An ActiveRecord::NoDatabaseError occurred in home#index:

  FATAL:  database "covid_production" does not exist

  app/controllers/application_controller.rb:105:in `block (2 levels) in hydrate_project_categories'


-------------------------------
Request:
-------------------------------

  * URL        : http://localhost:3000/
  * HTTP Method: GET
  * IP address : 127.0.0.1
  * Parameters : {"controller"=>"home", "action"=>"index"}
  * Timestamp  : 2020-12-26 11:11:01 -0800
  * Server : Allenes-MacBook-Air.local
    * Rails root : /Users/a_norton/Documents/Community_Connections/covid-volunteers
  * Process: 4629

-------------------------------
Session:
-------------------------------

  * session id: nil
  * data: {}

-------------------------------
Environment:
-------------------------------

  * GATEWAY_INTERFACE                                       : CGI/1.2
    * HTTP_ACCEPT                                             : text/html,application/xhtml+xml,application/xml;q=0.9,image/avif,image/webp,image/apng,*/*;q=0.8,application/signed-exchange;v=b3;q=0.9
    * HTTP_ACCEPT_ENCODING                                    : gzip, deflate, br
    * HTTP_ACCEPT_LANGUAGE                                    : en-US,en;q=0.9
    * HTTP_CACHE_CONTROL                                      : max-age=0
    * HTTP_CONNECTION                                         : keep-alive
    * HTTP_COOKIE                                             : io=V7ectMrsFxlz7zfFAAAO; _covid_volunteers_session=6ytglOtF9vU8QtOPp6on5PuSeLLjwVrMYZLMzQwlOB3UBk9EqSNyd9wdoN0IM4qbt4Zg04%2Bf3H%2F1DiPTcGeDr%2Fe7oVwX4lqY1Ej0ndvkCCsYCOvpVia%2F3o%2BnFuoFLlTFt2wS6qLVa27lUdPfyybkGvXJacur8h%2FysWh9cSUeLkvh9abd0aHh4AqbmvR59GG1aAJmzzwdasmWZYsjA9A9OfyaT4VnfrRUrAtKCEvH0ZH%2BVu0uwbxfpnCl4lXqo%2B2GeN7%2FGyWJeCqCQtT3xUqhNeoXJfW49qHtEua3U58T%2BWtWAK9Or8mn8vF12B0x18O%2B9B%2BgGEnV2T79x%2B%2BRd3vrDjb86C51KZpc0teUX3N06F%2FNyeiySVHPe19kiM6oigPBnGKatG3F838HRL6w1kN4KPOVLE6KIL1vNtpdRIyCXJrYQqWKxd7t1QkUpGPdtCJHHSMpPEct7fxNukIncw%3D%3D--6%2FTv8VlfKgC8aSsE--XJ2AYbqaAaUoNI11gFbjzA%3D%3D
    * HTTP_HOST                                               : localhost:3000
    * HTTP_SEC_CH_UA                                          : "Google Chrome";v="87", " Not;A Brand";v="99", "Chromium";v="87"
    * HTTP_SEC_CH_UA_MOBILE                                   : ?0
    * HTTP_SEC_FETCH_DEST                                     : document
    * HTTP_SEC_FETCH_MODE                                     : navigate
    * HTTP_SEC_FETCH_SITE                                     : none
    * HTTP_SEC_FETCH_USER                                     : ?1
    * HTTP_UPGRADE_INSECURE_REQUESTS                          : 1
    * HTTP_USER_AGENT                                         : Mozilla/5.0 (Macintosh; Intel Mac OS X 10_15_7) AppleWebKit/537.36 (KHTML, like Gecko) Chrome/87.0.4280.88 Safari/537.36
    * HTTP_VERSION                                            : HTTP/1.1
    * ORIGINAL_FULLPATH                                       : /
    * ORIGINAL_SCRIPT_NAME                                    :
    * PATH_INFO                                               : /
    * QUERY_STRING                                            :
    * REMOTE_ADDR                                             : 127.0.0.1
    * REQUEST_METHOD                                          : GET
    * REQUEST_PATH                                            : /
    * REQUEST_URI                                             : /
    * ROUTES_70364299424400_SCRIPT_NAME                       :
    * SCRIPT_NAME                                             :
    * SERVER_NAME                                             : localhost
    * SERVER_PORT                                             : 3000
    * SERVER_PROTOCOL                                         : HTTP/1.1
    * SERVER_SOFTWARE                                         : puma 4.3.6 Mysterious Traveller
    * action_controller.instance                              : #<HomeController:0x00007ffdeda17b40>
    * action_dispatch.authenticated_encrypted_cookie_salt     : authenticated encrypted cookie
    * action_dispatch.backtrace_cleaner                       : #<Rails::BacktraceCleaner:0x00007ffdf190c0f8>
    * action_dispatch.content_security_policy                 :
    * action_dispatch.content_security_policy_nonce_directives:
    * action_dispatch.content_security_policy_nonce_generator :
    * action_dispatch.content_security_policy_report_only     : false
    * action_dispatch.cookies                                 : #<ActionDispatch::Cookies::CookieJar:0x00007ffdeac44740>
    * action_dispatch.cookies_digest                          :
    * action_dispatch.cookies_rotations                       : #<ActiveSupport::Messages::RotationConfiguration:0x00007ffdeda9c480>
    * action_dispatch.cookies_serializer                      : json
    * action_dispatch.encrypted_cookie_cipher                 :
    * action_dispatch.encrypted_cookie_salt                   : encrypted cookie
    * action_dispatch.encrypted_signed_cookie_salt            : signed encrypted cookie
    * action_dispatch.http_auth_salt                          : http authentication
    * action_dispatch.key_generator                           : #<ActiveSupport::CachingKeyGenerator:0x00007ffdf21f7aa0>
    * action_dispatch.logger                                  : #<ActiveSupport::Logger:0x00007ffdf205c0b0>
    * action_dispatch.parameter_filter                        : [:password]
    * action_dispatch.redirect_filter                         : []
    * action_dispatch.remote_ip                               : 127.0.0.1
    * action_dispatch.request.content_type                    :
    * action_dispatch.request.formats                         : [#<Mime::Type:0x00007ffdeab43f58 @synonyms=["application/xhtml+xml"], @symbol=:html, @string="text/html", @hash=-608970816459968527>]
    * action_dispatch.request.parameters                      : {"controller"=>"home", "action"=>"index"}
    * action_dispatch.request.path_parameters                 : {:controller=>"home", :action=>"index"}
    * action_dispatch.request.query_parameters                : {}
    * action_dispatch.request.request_parameters              : {}
    * action_dispatch.request.unsigned_session_cookie         : {}
    * action_dispatch.request_id                              : f9839f1a-baa7-4d09-99f8-39d72e166a3d
    * action_dispatch.routes                                  : #<ActionDispatch::Routing::RouteSet:0x00007ffdee24e520>
    * action_dispatch.secret_key_base                         : 1f0433ce37cfa604b0f702bc0d544167ed26f4e6c971c5010d0f941cb9f9f68b162f3bb0dc9df62f0e181291fd431c1fcbf004615bfffe668a6b730041f69a4a
    * action_dispatch.show_detailed_exceptions                : false
    * action_dispatch.show_exceptions                         : true
    * action_dispatch.signed_cookie_digest                    :
    * action_dispatch.signed_cookie_salt                      : signed cookie
    * action_dispatch.use_authenticated_cookie_encryption     : true
    * action_dispatch.use_cookies_with_metadata               : true
    * puma.config                                             : #<Puma::Configuration:0x00007ffdf23b5ec8>
    * puma.request_body_wait                                  : 0
    * puma.socket                                             : #<TCPSocket:0x00007ffdf23be7a8>
    * rack.after_reply                                        : []
    * rack.errors                                             : #<IO:0x00007ffdea884c68>
    * rack.hijack                                             : #<Puma::Client:0x00007ffdf23be730>
    * rack.hijack?                                            : true
    * rack.input                                              : #<Puma::NullIO:0x00007ffdf1c22620>
    * rack.multiprocess                                       : false
    * rack.multithread                                        : true
    * rack.request.cookie_hash                                : {"io"=>"V7ectMrsFxlz7zfFAAAO", "_covid_volunteers_session"=>"6ytglOtF9vU8QtOPp6on5PuSeLLjwVrMYZLMzQwlOB3UBk9EqSNyd9wdoN0IM4qbt4Zg04+f3H/1DiPTcGeDr/e7oVwX4lqY1Ej0ndvkCCsYCOvpVia/3o+nFuoFLlTFt2wS6qLVa27lUdPfyybkGvXJacur8h/ysWh9cSUeLkvh9abd0aHh4AqbmvR59GG1aAJmzzwdasmWZYsjA9A9OfyaT4VnfrRUrAtKCEvH0ZH+Vu0...
    * rack.request.cookie_string                              : io=V7ectMrsFxlz7zfFAAAO; _covid_volunteers_session=6ytglOtF9vU8QtOPp6on5PuSeLLjwVrMYZLMzQwlOB3UBk9EqSNyd9wdoN0IM4qbt4Zg04%2Bf3H%2F1DiPTcGeDr%2Fe7oVwX4lqY1Ej0ndvkCCsYCOvpVia%2F3o%2BnFuoFLlTFt2wS6qLVa27lUdPfyybkGvXJacur8h%2FysWh9cSUeLkvh9abd0aHh4AqbmvR59GG1aAJmzzwdasmWZYsjA9A9OfyaT4VnfrRUrAtKCEvH0ZH%2BVu0uwbxfpnCl4lXqo%2B2GeN7%2FGyWJeCqCQtT3xUqhNeoXJfW49qHtEua3U58T%2BWtWAK9Or8mn8vF12B0x18O%2B9B%2BgGEnV2T79x%2B%2BRd3vrDjb86C51KZpc0teUX3N06F%2FNyeiySVHPe19kiM6oigPBnGKatG3F838HRL6w1kN4KPOVLE6KIL1vNtpdRIyCXJrYQqWKxd7t1QkUpGPdtCJHHSMpPEct7fxNukIncw%3D%3D--6%2FTv8VlfKgC8aSsE--XJ2AYbqaAaUoNI11gFbjzA%3D%3D
    * rack.request.query_hash                                 : {}
    * rack.request.query_string                               :
    * rack.run_once                                           : false
    * rack.session                                            : #<ActionDispatch::Request::Session:0x00007ffded986fa0>
    * rack.session.options                                    : #<ActionDispatch::Request::Session::Options:0x00007ffded986b90>
    * rack.tempfiles                                          : []
    * rack.url_scheme                                         : http
    * rack.version                                            : [1, 3]
    * warden                                                  : Warden::Proxy:70364294816420 @config={:default_scope=>:user, :scope_defaults=>{}, :default_strategies=>{:user=>[:rememberable, :database_authenticatable]}, :intercept_401=>false, :failure_app=>#<Devise::Delegator:0x00007ffdea28a1f0>}

-------------------------------
Backtrace:
-------------------------------

  app/controllers/application_controller.rb:105:in `block (2 levels) in hydrate_project_categories'
  app/controllers/application_controller.rb:105:in `block in hydrate_project_categories'
  app/controllers/application_controller.rb:103:in `each'
  app/controllers/application_controller.rb:103:in `hydrate_project_categories'
  app/controllers/application_controller.rb:128:in `switch_locale'



F, [2020-12-26T14:11:01.193939 #4629] FATAL -- : [f9839f1a-baa7-4d09-99f8-39d72e166a3d]   
[f9839f1a-baa7-4d09-99f8-39d72e166a3d] ActiveRecord::NoDatabaseError (FATAL:  database "covid_production" does not exist
):
[f9839f1a-baa7-4d09-99f8-39d72e166a3d]   
[f9839f1a-baa7-4d09-99f8-39d72e166a3d] app/controllers/application_controller.rb:105:in `block (2 levels) in hydrate_project_categories'
[f9839f1a-baa7-4d09-99f8-39d72e166a3d] app/controllers/application_controller.rb:105:in `block in hydrate_project_categories'
[f9839f1a-baa7-4d09-99f8-39d72e166a3d] app/controllers/application_controller.rb:103:in `each'
[f9839f1a-baa7-4d09-99f8-39d72e166a3d] app/controllers/application_controller.rb:103:in `hydrate_project_categories'
[f9839f1a-baa7-4d09-99f8-39d72e166a3d] app/controllers/application_controller.rb:128:in `switch_locale'
I, [2020-12-26T14:13:18.403090 #4749]  INFO -- : [459287f1-0345-4943-b14f-0288b8445fe9] Started GET "/" for 127.0.0.1 at 2020-12-26 14:13:18 -0500
I, [2020-12-26T14:13:18.407548 #4749]  INFO -- : [459287f1-0345-4943-b14f-0288b8445fe9] Processing by HomeController#index as HTML
D, [2020-12-26T14:13:18.412968 #4749] DEBUG -- : [459287f1-0345-4943-b14f-0288b8445fe9] * Locale: HTTP Accept-Language: "en"
I, [2020-12-26T14:13:18.413053 #4749]  INFO -- : [459287f1-0345-4943-b14f-0288b8445fe9] * Locale set to "en"
I, [2020-12-26T14:13:18.419518 #4749]  INFO -- : [459287f1-0345-4943-b14f-0288b8445fe9] Completed 500 Internal Server Error in 12ms (Allocations: 1788)
F, [2020-12-26T14:13:18.420727 #4749] FATAL -- : [459287f1-0345-4943-b14f-0288b8445fe9]   
[459287f1-0345-4943-b14f-0288b8445fe9] ActiveRecord::NoDatabaseError (FATAL:  database "covid_production" does not exist
):
[459287f1-0345-4943-b14f-0288b8445fe9]   
[459287f1-0345-4943-b14f-0288b8445fe9] app/controllers/application_controller.rb:105:in `block (2 levels) in hydrate_project_categories'
[459287f1-0345-4943-b14f-0288b8445fe9] app/controllers/application_controller.rb:105:in `block in hydrate_project_categories'
[459287f1-0345-4943-b14f-0288b8445fe9] app/controllers/application_controller.rb:103:in `each'
[459287f1-0345-4943-b14f-0288b8445fe9] app/controllers/application_controller.rb:103:in `hydrate_project_categories'
[459287f1-0345-4943-b14f-0288b8445fe9] app/controllers/application_controller.rb:128:in `switch_locale'
I, [2020-12-26T14:13:26.712395 #4749]  INFO -- : [762a7cfd-8afb-42f9-8d17-e1768702c468] Started GET "/" for 127.0.0.1 at 2020-12-26 14:13:26 -0500
I, [2020-12-26T14:13:26.713520 #4749]  INFO -- : [762a7cfd-8afb-42f9-8d17-e1768702c468] Processing by HomeController#index as HTML
D, [2020-12-26T14:13:26.715545 #4749] DEBUG -- : [762a7cfd-8afb-42f9-8d17-e1768702c468] * Locale: HTTP Accept-Language: "en"
I, [2020-12-26T14:13:26.715649 #4749]  INFO -- : [762a7cfd-8afb-42f9-8d17-e1768702c468] * Locale set to "en"
I, [2020-12-26T14:13:26.719507 #4749]  INFO -- : [762a7cfd-8afb-42f9-8d17-e1768702c468] Completed 500 Internal Server Error in 6ms (Allocations: 1341)
F, [2020-12-26T14:13:26.720408 #4749] FATAL -- : [762a7cfd-8afb-42f9-8d17-e1768702c468]   
[762a7cfd-8afb-42f9-8d17-e1768702c468] ActiveRecord::NoDatabaseError (FATAL:  database "covid_production" does not exist
):
[762a7cfd-8afb-42f9-8d17-e1768702c468]   
[762a7cfd-8afb-42f9-8d17-e1768702c468] app/controllers/application_controller.rb:105:in `block (2 levels) in hydrate_project_categories'
[762a7cfd-8afb-42f9-8d17-e1768702c468] app/controllers/application_controller.rb:105:in `block in hydrate_project_categories'
[762a7cfd-8afb-42f9-8d17-e1768702c468] app/controllers/application_controller.rb:103:in `each'
[762a7cfd-8afb-42f9-8d17-e1768702c468] app/controllers/application_controller.rb:103:in `hydrate_project_categories'
[762a7cfd-8afb-42f9-8d17-e1768702c468] app/controllers/application_controller.rb:128:in `switch_locale'
I, [2020-12-26T14:13:35.940748 #4749]  INFO -- : [e6f7f1e8-5603-48f7-8e3b-9e007448b89a] Started GET "/" for 127.0.0.1 at 2020-12-26 14:13:35 -0500
I, [2020-12-26T14:13:35.941840 #4749]  INFO -- : [e6f7f1e8-5603-48f7-8e3b-9e007448b89a] Processing by HomeController#index as HTML
D, [2020-12-26T14:13:35.943810 #4749] DEBUG -- : [e6f7f1e8-5603-48f7-8e3b-9e007448b89a] * Locale: HTTP Accept-Language: "en"
I, [2020-12-26T14:13:35.943917 #4749]  INFO -- : [e6f7f1e8-5603-48f7-8e3b-9e007448b89a] * Locale set to "en"
I, [2020-12-26T14:13:35.948278 #4749]  INFO -- : [e6f7f1e8-5603-48f7-8e3b-9e007448b89a] Completed 500 Internal Server Error in 6ms (Allocations: 1341)
F, [2020-12-26T14:13:35.949028 #4749] FATAL -- : [e6f7f1e8-5603-48f7-8e3b-9e007448b89a]   
[e6f7f1e8-5603-48f7-8e3b-9e007448b89a] ActiveRecord::NoDatabaseError (FATAL:  database "covid_production" does not exist
):
[e6f7f1e8-5603-48f7-8e3b-9e007448b89a]   
[e6f7f1e8-5603-48f7-8e3b-9e007448b89a] app/controllers/application_controller.rb:105:in `block (2 levels) in hydrate_project_categories'
[e6f7f1e8-5603-48f7-8e3b-9e007448b89a] app/controllers/application_controller.rb:105:in `block in hydrate_project_categories'
[e6f7f1e8-5603-48f7-8e3b-9e007448b89a] app/controllers/application_controller.rb:103:in `each'
[e6f7f1e8-5603-48f7-8e3b-9e007448b89a] app/controllers/application_controller.rb:103:in `hydrate_project_categories'
[e6f7f1e8-5603-48f7-8e3b-9e007448b89a] app/controllers/application_controller.rb:128:in `switch_locale'
I, [2020-12-26T14:15:34.895853 #4749]  INFO -- : [934bd582-59e9-48dd-9187-c97e5936db40] Started GET "/" for 127.0.0.1 at 2020-12-26 14:15:34 -0500
I, [2020-12-26T14:15:34.906774 #4749]  INFO -- : [934bd582-59e9-48dd-9187-c97e5936db40] Processing by HomeController#index as HTML
D, [2020-12-26T14:15:34.916603 #4749] DEBUG -- : [934bd582-59e9-48dd-9187-c97e5936db40] * Locale: HTTP Accept-Language: "en"
I, [2020-12-26T14:15:34.916740 #4749]  INFO -- : [934bd582-59e9-48dd-9187-c97e5936db40] * Locale set to "en"
I, [2020-12-26T14:15:34.973461 #4749]  INFO -- : [934bd582-59e9-48dd-9187-c97e5936db40] Completed 500 Internal Server Error in 66ms (Allocations: 1333)
F, [2020-12-26T14:15:34.979138 #4749] FATAL -- : [934bd582-59e9-48dd-9187-c97e5936db40]   
[934bd582-59e9-48dd-9187-c97e5936db40] ActiveRecord::NoDatabaseError (FATAL:  database "covid_production" does not exist
):
[934bd582-59e9-48dd-9187-c97e5936db40]   
[934bd582-59e9-48dd-9187-c97e5936db40] app/controllers/application_controller.rb:105:in `block (2 levels) in hydrate_project_categories'
[934bd582-59e9-48dd-9187-c97e5936db40] app/controllers/application_controller.rb:105:in `block in hydrate_project_categories'
[934bd582-59e9-48dd-9187-c97e5936db40] app/controllers/application_controller.rb:103:in `each'
[934bd582-59e9-48dd-9187-c97e5936db40] app/controllers/application_controller.rb:103:in `hydrate_project_categories'
[934bd582-59e9-48dd-9187-c97e5936db40] app/controllers/application_controller.rb:128:in `switch_locale'
I, [2020-12-26T15:01:42.865643 #5695]  INFO -- : [af6cbdf3-a10e-4a86-9ebe-7ce1055b0777] Started GET "/" for 127.0.0.1 at 2020-12-26 15:01:42 -0500
I, [2020-12-26T15:01:42.897863 #5695]  INFO -- : [af6cbdf3-a10e-4a86-9ebe-7ce1055b0777] Processing by HomeController#index as HTML
D, [2020-12-26T15:01:42.908494 #5695] DEBUG -- : [af6cbdf3-a10e-4a86-9ebe-7ce1055b0777] * Locale: HTTP Accept-Language: "en"
I, [2020-12-26T15:01:42.908583 #5695]  INFO -- : [af6cbdf3-a10e-4a86-9ebe-7ce1055b0777] * Locale set to "en"
I, [2020-12-26T15:01:42.922838 #5695]  INFO -- : [af6cbdf3-a10e-4a86-9ebe-7ce1055b0777] Completed 500 Internal Server Error in 25ms (Allocations: 1788)
F, [2020-12-26T15:01:42.924349 #5695] FATAL -- : [af6cbdf3-a10e-4a86-9ebe-7ce1055b0777]   
[af6cbdf3-a10e-4a86-9ebe-7ce1055b0777] ActiveRecord::NoDatabaseError (FATAL:  database "covid_production" does not exist
):
[af6cbdf3-a10e-4a86-9ebe-7ce1055b0777]   
[af6cbdf3-a10e-4a86-9ebe-7ce1055b0777] app/controllers/application_controller.rb:105:in `block (2 levels) in hydrate_project_categories'
[af6cbdf3-a10e-4a86-9ebe-7ce1055b0777] app/controllers/application_controller.rb:105:in `block in hydrate_project_categories'
[af6cbdf3-a10e-4a86-9ebe-7ce1055b0777] app/controllers/application_controller.rb:103:in `each'
[af6cbdf3-a10e-4a86-9ebe-7ce1055b0777] app/controllers/application_controller.rb:103:in `hydrate_project_categories'
[af6cbdf3-a10e-4a86-9ebe-7ce1055b0777] app/controllers/application_controller.rb:128:in `switch_locale'
